<?xml version="1.0" encoding="UTF-8"?>
<!-- Generated by org.testng.reporters.JUnitReportReporter -->
<testsuite skipped="0" hostname="DESKTOP-INQUNRP" name="com.ReportBasics.ReportInSingleTest" tests="1" failures="0" timestamp="2020-05-12T17:33:30 EDT" time="11.409" errors="0">
  <testcase name="LoginTest" time="11.409" classname="com.ReportBasics.ReportInSingleTest"/>
</testsuite> <!-- com.ReportBasics.ReportInSingleTest -->
