<?xml version="1.0" encoding="UTF-8"?>
<!-- Generated by org.testng.reporters.JUnitReportReporter -->
<testsuite skipped="0" hostname="DESKTOP-INQUNRP" name="com.Report.FirstTest" tests="1" failures="0" timestamp="2020-05-12T13:20:52 EDT" time="0.005" errors="0">
  <testcase name="loginTest" time="0.005" classname="com.Report.FirstTest"/>
</testsuite> <!-- com.Report.FirstTest -->
