<?xml version="1.0" encoding="UTF-8"?>
<!-- Generated by org.testng.reporters.JUnitReportReporter -->
<testsuite skipped="0" hostname="DESKTOP-INQUNRP" name="com.ReportBasics.ScreenShotInsideTheMethod" tests="1" failures="0" timestamp="2020-05-19T13:33:34 EDT" time="11.257" errors="0">
  <testcase name="LoginTest" time="11.257" classname="com.ReportBasics.ScreenShotInsideTheMethod"/>
</testsuite> <!-- com.ReportBasics.ScreenShotInsideTheMethod -->
